<?xml version="1.0" encoding="UTF-8"?>
<!-- Generated by org.testng.reporters.JUnitReportReporter -->
<testsuite hostname="DESKTOP-KNVC375" failures="0" tests="1" name="com.vmetry.NTL.Testcaes.LogInPageTest" time="2.346" errors="0" timestamp="02 Dec 2018 08:40:59 GMT" skipped="0">
  <testcase classname="com.vmetry.NTL.Testcaes.LogInPageTest" name="loginTest" time="2.346"/>
</testsuite> <!-- com.vmetry.NTL.Testcaes.LogInPageTest -->
