<?xml version="1.0" encoding="UTF-8"?>
<!-- Generated by org.testng.reporters.JUnitReportReporter -->
<testsuite hostname="DESKTOP-KNVC375" failures="0" tests="3" name="temp.ReportTest" time="34.616" errors="0" timestamp="24 Nov 2018 11:49:36 GMT" skipped="0">
  <testcase classname="temp.ReportTest" name="validlogin" time="12.130"/>
  <testcase classname="temp.ReportTest" name="invalidlogin" time="4.406"/>
  <testcase classname="temp.ReportTest" name="duplicatelogin" time="18.080"/>
</testsuite> <!-- temp.ReportTest -->
