<?xml version="1.0" encoding="UTF-8"?>
<!-- Generated by org.testng.reporters.JUnitReportReporter -->
<testsuite hostname="DESKTOP-KNVC375" failures="0" tests="4" name="com.vmetry.NTL.Testcaes.HomePageTest" time="42.047" errors="0" timestamp="02 Dec 2018 08:40:59 GMT" skipped="0">
  <testcase classname="com.vmetry.NTL.Testcaes.HomePageTest" name="openbrowser" time="2.584"/>
  <testcase classname="com.vmetry.NTL.Testcaes.HomePageTest" name="openbrowser" time="1.814"/>
  <testcase classname="com.vmetry.NTL.Testcaes.HomePageTest" name="openbrowser" time="35.489"/>
  <testcase classname="com.vmetry.NTL.Testcaes.HomePageTest" name="openbrowser" time="2.160"/>
</testsuite> <!-- com.vmetry.NTL.Testcaes.HomePageTest -->
