<?xml version="1.0" encoding="UTF-8"?>
<!-- Generated by org.testng.reporters.JUnitReportReporter -->
<testsuite hostname="DESKTOP-KNVC375" failures="0" tests="6" name="roughWorkTest.TestNGTest" time="0.021" errors="0" timestamp="30 Dec 2018 08:33:28 GMT" skipped="0">
  <testcase classname="roughWorkTest.TestNGTest" name="sample" time="0.000"/>
  <testcase classname="roughWorkTest.TestNGTest" name="sample2" time="0.002"/>
  <testcase classname="roughWorkTest.TestNGTest" name="sample2" time="0.002"/>
  <testcase classname="roughWorkTest.TestNGTest" name="sample" time="0.004"/>
  <testcase classname="roughWorkTest.TestNGTest" name="sample" time="0.012"/>
  <testcase classname="roughWorkTest.TestNGTest" name="sample2" time="0.001"/>
</testsuite> <!-- roughWorkTest.TestNGTest -->
