<?xml version="1.0" encoding="UTF-8"?>
<!-- Generated by org.testng.reporters.JUnitReportReporter -->
<testsuite hostname="DESKTOP-KNVC375" failures="0" tests="4" name="annatationsTest.BeforeTestTest" time="0.019" errors="0" timestamp="27 Nov 2018 02:00:06 GMT" skipped="0">
  <testcase classname="annatationsTest.BeforeTestTest" name="loginTest" time="0.015"/>
  <testcase classname="annatationsTest.BeforeTestTest" name="RegistrationTest" time="0.000"/>
  <testcase classname="annatationsTest.BeforeTestTest" name="bookingTest" time="0.002"/>
  <testcase classname="annatationsTest.BeforeTestTest" name="cancelTest" time="0.002"/>
</testsuite> <!-- annatationsTest.BeforeTestTest -->
