<?xml version="1.0" encoding="UTF-8"?>
<!-- Generated by org.testng.reporters.JUnitReportReporter -->
<testsuite hostname="DESKTOP-KNVC375" failures="0" tests="4" name="annatationsTest.BeforemethodTest" time="0.029" errors="0" timestamp="02 Dec 2018 15:58:47 GMT" skipped="0">
  <testcase classname="annatationsTest.BeforemethodTest" name="loginTest" time="0.007"/>
  <testcase classname="annatationsTest.BeforemethodTest" name="RegistrationTest" time="0.001"/>
  <testcase classname="annatationsTest.BeforemethodTest" name="bookingTest" time="0.012"/>
  <testcase classname="annatationsTest.BeforemethodTest" name="cancelTest" time="0.009"/>
</testsuite> <!-- annatationsTest.BeforemethodTest -->
