<?xml version="1.0" encoding="UTF-8"?>
<!-- Generated by org.testng.reporters.JUnitReportReporter -->
<testsuite hostname="DESKTOP-KNVC375" failures="0" tests="6" name="groupingTest.GroupingTest" time="0.028" errors="0" timestamp="28 Oct 2018 18:58:09 GMT" skipped="0">
  <testcase classname="groupingTest.GroupingTest" name="loginTest" time="0.012"/>
  <testcase classname="groupingTest.GroupingTest" name="loginTest" time="0.002"/>
  <testcase classname="groupingTest.GroupingTest" name="RegistrationTest" time="0.002"/>
  <testcase classname="groupingTest.GroupingTest" name="bookingTest" time="0.002"/>
  <testcase classname="groupingTest.GroupingTest" name="bookingTest" time="0.001"/>
  <testcase classname="groupingTest.GroupingTest" name="cancelTest" time="0.009"/>
</testsuite> <!-- groupingTest.GroupingTest -->
