<?xml version="1.0" encoding="UTF-8"?>
<!-- Generated by org.testng.reporters.JUnitReportReporter -->
<testsuite hostname="DESKTOP-KNVC375" failures="0" tests="1" name="dataTest.DataTest" time="0.013" errors="0" timestamp="30 Dec 2018 07:28:23 GMT" skipped="0">
  <testcase classname="dataTest.DataTest" name="loginTest" time="0.013"/>
</testsuite> <!-- dataTest.DataTest -->
