<?xml version="1.0" encoding="UTF-8"?>
<!-- Generated by org.testng.reporters.JUnitReportReporter -->
<testsuite hostname="DESKTOP-KNVC375" failures="0" tests="1" name="testResultsTest.TestResultsTest" time="0.020" errors="0" timestamp="18 Dec 2018 03:20:02 GMT" skipped="0">
  <testcase classname="testResultsTest.TestResultsTest" name="logintest" time="0.020"/>
</testsuite> <!-- testResultsTest.TestResultsTest -->
